all_souls_000013	0.143988
all_souls_000026	0.15261
all_souls_000051	0.800409
ashmolean_000000	0.788215
ashmolean_000007	0.320357
ashmolean_000058	0.0588467
ashmolean_000269	0.107383
ashmolean_000305	0.45956
balliol_000051	0.695223
balliol_000167	0.100426
balliol_000187	0.287816
balliol_000194	0.339162
bodleian_000107	0.0839179
bodleian_000108	0.308126
bodleian_000132	0.807885
bodleian_000163	0.176462
bodleian_000407	0.0286483
christ_church_000179	0.52488
christ_church_000999	0.426322
christ_church_001020	0.390618
cornmarket_000019	0.621912
cornmarket_000047	0.677707
cornmarket_000105	0.174183
cornmarket_000131	0.585086
hertford_000015	0.650082
hertford_000027	0.670043
hertford_000063	0.777921
keble_000028	0.842063
keble_000055	0.469601
keble_000214	0.464671
keble_000227	0.602623
keble_000245	0.488037
magdalen_000058	0.0827481
magdalen_000078	0.0430635
magdalen_000560	0.0643641
oxford_000317	0.277183
oxford_000545	0.409813
oxford_001115	0.0546525
oxford_001752	0.649196
oxford_001753	0.643672
oxford_002416	0.373663
oxford_002562	0.132747
oxford_002734	0.480675
oxford_002904	0.655721
oxford_002985	0.308979
oxford_003335	0.0687936
oxford_003410	0.316208
pitt_rivers_000033	0.217667
pitt_rivers_000058	0.59976
pitt_rivers_000087	0.676778
pitt_rivers_000119	0.803102
pitt_rivers_000153	0.197441
radcliffe_camera_000095	0.442341
radcliffe_camera_000519	0.715753
radcliffe_camera_000523	0.795492
