all_souls_000013	0.224167
all_souls_000026	0.182582
all_souls_000051	0.824138
ashmolean_000000	0.650303
ashmolean_000007	0.193022
ashmolean_000058	0.0576353
ashmolean_000269	0.07369
ashmolean_000305	0.393625
balliol_000051	0.442062
balliol_000167	0.0970889
balliol_000187	0.171442
balliol_000194	0.38133
bodleian_000107	0.0810723
bodleian_000108	0.284904
bodleian_000132	0.827323
bodleian_000163	0.130509
bodleian_000407	0.047382
christ_church_000179	0.471288
christ_church_000999	0.456355
christ_church_001020	0.275744
cornmarket_000019	0.645183
cornmarket_000047	0.690008
cornmarket_000105	0.217892
cornmarket_000131	0.516173
hertford_000015	0.627591
hertford_000027	0.638338
hertford_000063	0.715333
keble_000028	0.719866
keble_000055	0.354188
keble_000214	0.745299
keble_000227	0.473019
keble_000245	0.623046
magdalen_000058	0.0720953
magdalen_000078	0.0225745
magdalen_000560	0.0623021
oxford_000317	0.228505
oxford_000545	0.349756
oxford_001115	0.0511752
oxford_001752	0.578468
oxford_001753	0.481105
oxford_002416	0.330567
oxford_002562	0.0611148
oxford_002734	0.376128
oxford_002904	0.641943
oxford_002985	0.286051
oxford_003335	0.0717509
oxford_003410	0.341288
pitt_rivers_000033	0.281268
pitt_rivers_000058	0.657479
pitt_rivers_000087	0.686725
pitt_rivers_000119	0.783144
pitt_rivers_000153	0.371431
radcliffe_camera_000095	0.409401
radcliffe_camera_000519	0.72853
radcliffe_camera_000523	0.761755
