all_souls_000013	0.161571
all_souls_000026	0.227066
all_souls_000051	0.680386
ashmolean_000000	0.618276
ashmolean_000007	0.428772
ashmolean_000058	0.101567
ashmolean_000269	0.272393
ashmolean_000305	0.572379
balliol_000051	0.441722
balliol_000167	0.0881901
balliol_000187	0.200536
balliol_000194	0.333437
bodleian_000107	0.0558741
bodleian_000108	0.430594
bodleian_000132	0.770516
bodleian_000163	0.131725
bodleian_000407	0.136099
christ_church_000179	0.61396
christ_church_000999	0.450952
christ_church_001020	0.600996
cornmarket_000019	0.723745
cornmarket_000047	0.653463
cornmarket_000105	0.18844
cornmarket_000131	0.367656
hertford_000015	0.590053
hertford_000027	0.643028
hertford_000063	0.740821
keble_000028	0.0990078
keble_000055	0.0578283
keble_000214	0.148485
keble_000227	0.1131
keble_000245	0.447946
magdalen_000058	0.0851995
magdalen_000078	0.0338103
magdalen_000560	0.0967518
oxford_000317	0.231279
oxford_000545	0.41466
oxford_001115	0.0435121
oxford_001752	0.656768
oxford_001753	0.194062
oxford_002416	0.562349
oxford_002562	0.0650981
oxford_002734	0.597706
oxford_002904	0.703219
oxford_002985	0.304894
oxford_003335	0.0724526
oxford_003410	0.376038
pitt_rivers_000033	0.320139
pitt_rivers_000058	0.678913
pitt_rivers_000087	0.647755
pitt_rivers_000119	0.699112
pitt_rivers_000153	0.169379
radcliffe_camera_000095	0.600675
radcliffe_camera_000519	0.703102
radcliffe_camera_000523	0.690922
