all_souls_000013	0.18818
all_souls_000026	0.238188
all_souls_000051	0.69279
ashmolean_000000	0.355983
ashmolean_000007	0.39601
ashmolean_000058	0.179962
ashmolean_000269	0.238509
ashmolean_000305	0.425584
balliol_000051	0.292163
balliol_000167	0.0882495
balliol_000187	0.150228
balliol_000194	0.301795
bodleian_000107	0.0548716
bodleian_000108	0.441438
bodleian_000132	0.742294
bodleian_000163	0.195686
bodleian_000407	0.046547
christ_church_000179	0.61462
christ_church_000999	0.470798
christ_church_001020	0.590196
cornmarket_000019	0.708204
cornmarket_000047	0.685717
cornmarket_000105	0.210263
cornmarket_000131	0.313666
hertford_000015	0.630002
hertford_000027	0.646122
hertford_000063	0.7856
keble_000028	0.107071
keble_000055	0.0672842
keble_000214	0.372401
keble_000227	0.32673
keble_000245	0.457363
magdalen_000058	0.0934552
magdalen_000078	0.0292071
magdalen_000560	0.0822919
oxford_000317	0.205883
oxford_000545	0.28414
oxford_001115	0.0461578
oxford_001752	0.647326
oxford_001753	0.189825
oxford_002416	0.57109
oxford_002562	0.0494932
oxford_002734	0.570385
oxford_002904	0.664474
oxford_002985	0.30101
oxford_003335	0.0491942
oxford_003410	0.435058
pitt_rivers_000033	0.402751
pitt_rivers_000058	0.675313
pitt_rivers_000087	0.592403
pitt_rivers_000119	0.644321
pitt_rivers_000153	0.172967
radcliffe_camera_000095	0.590365
radcliffe_camera_000519	0.671988
radcliffe_camera_000523	0.685917
